1516579021802	geckodriver	INFO	geckodriver 0.19.1
1516579021990	geckodriver	INFO	Listening on 127.0.0.1:51805
1516579023268	mozrunner::runner	INFO	Running command: "/Applications/Firefox.app/Contents/MacOS/firefox-bin" "-marionette" "-profile" "/var/folders/l3/82g7ty_128q1s8gqsn320_w00000gn/T/rust_mozprofile.3ihg7rFyMPKd"
1516579025188	Marionette	INFO	Enabled via --marionette
2018-01-22 06:57:08.566 plugin-container[2393:1793119] *** CFMessagePort: bootstrap_register(): failed 1100 (0x44c) 'Permission denied', port = 0x7343, name = 'com.apple.tsm.portname'
See /usr/include/servers/bootstrap_defs.h for the error codes.
1516579030083	Marionette	INFO	Listening on port 51823
1516579030224	Marionette	WARN	TLS certificate errors will be ignored for this session
1516579030369	Marionette	DEBUG	Register listener.js for window 2147483649
1516579030445	Marionette	DEBUG	Received DOM event "beforeunload" for "about:blank"
1516579030526	Marionette	DEBUG	Received DOM event "pagehide" for "about:blank"
1516579030526	Marionette	DEBUG	Received DOM event "unload" for "about:blank"
1516579030566	Marionette	DEBUG	Received DOM event "DOMContentLoaded" for "http://slushpool.com/"
1516579030661	Marionette	DEBUG	Received DOM event "pageshow" for "http://slushpool.com/"
1516582877304	geckodriver	INFO	geckodriver 0.19.1
1516582877479	geckodriver	INFO	Listening on 127.0.0.1:50291
1516582878612	mozrunner::runner	INFO	Running command: "/Applications/Firefox.app/Contents/MacOS/firefox-bin" "-marionette" "-profile" "/var/folders/l3/82g7ty_128q1s8gqsn320_w00000gn/T/rust_mozprofile.pLo51sIELpXP"
1516582879737	Marionette	INFO	Enabled via --marionette
2018-01-22 08:01:23.261 plugin-container[4364:1828256] *** CFMessagePort: bootstrap_register(): failed 1100 (0x44c) 'Permission denied', port = 0x7843, name = 'com.apple.tsm.portname'
See /usr/include/servers/bootstrap_defs.h for the error codes.
1516582884369	Marionette	INFO	Listening on port 50306
1516582884437	Marionette	WARN	TLS certificate errors will be ignored for this session
1516582884559	Marionette	DEBUG	Register listener.js for window 2147483649
1516582884652	Marionette	DEBUG	Received DOM event "beforeunload" for "about:blank"
1516582886786	Marionette	DEBUG	Received DOM event "pagehide" for "about:blank"
1516582886787	Marionette	DEBUG	Received DOM event "unload" for "about:blank"
1516582886819	Marionette	DEBUG	Received DOM event "DOMContentLoaded" for "https://www.litecoinpool.org/api?format=html&api_key=d24a788cb48bb746f2e8dde0aee5a997"
1516582886894	Marionette	DEBUG	Received DOM event "pageshow" for "https://www.litecoinpool.org/api?format=html&api_key=d24a788cb48bb746f2e8dde0aee5a997"

###!!! [Parent][MessageChannel] Error: (msgtype=0x1000B,name=PAPZ::Msg_Destroy) Channel error: cannot send/recv

2018-01-22 08:12:43.847 plugin-container[4721:1835975] *** CFMessagePort: bootstrap_register(): failed 1100 (0x44c) 'Permission denied', port = 0xad43, name = 'com.apple.tsm.portname'
See /usr/include/servers/bootstrap_defs.h for the error codes.

###!!! [Child][RunMessage] Error: Channel closing: too late to send/recv, messages will be lost

